android/app/build/intermediates/manifest_merge_blame_file/release/processReleaseMainManifest/manifest-merger-blame-release-report.txt
1<?xml version="1.0" encoding="utf-8"?>
2<manifest xmlns:android="http://schemas.android.com/apk/res/android"
3    package="com.aryaroop.omniverse"
4    android:versionCode="1"
5    android:versionName="2.1.0" >
6
7    <uses-sdk
8        android:minSdkVersion="23"
9        android:targetSdkVersion="35" />
10
11    <uses-permission android:name="android.permission.INTERNET" />
11-->src/main/AndroidManifest.xml:4:5-67
11-->src/main/AndroidManifest.xml:4:22-64
12    <uses-permission android:name="android.permission.ACCESS_NETWORK_STATE" />
12-->src/main/AndroidManifest.xml:5:5-79
12-->src/main/AndroidManifest.xml:5:22-76
13    <uses-permission android:name="android.permission.CAMERA" />
13-->src/main/AndroidManifest.xml:6:5-65
13-->src/main/AndroidManifest.xml:6:22-62
14    <uses-permission android:name="android.permission.WAKE_LOCK" />
14-->src/main/AndroidManifest.xml:7:5-68
14-->src/main/AndroidManifest.xml:7:22-65
15    <uses-permission android:name="android.permission.REQUEST_INSTALL_PACKAGES" />
15-->src/main/AndroidManifest.xml:8:5-83
15-->src/main/AndroidManifest.xml:8:22-80
16
17    <!-- Android TV + phone/tablet: touchscreen not required so the app installs on TV. -->
18    <uses-feature
18-->src/main/AndroidManifest.xml:11:5-87
19        android:name="android.software.leanback"
19-->src/main/AndroidManifest.xml:11:19-59
20        android:required="false" />
20-->src/main/AndroidManifest.xml:11:60-84
21    <uses-feature
21-->src/main/AndroidManifest.xml:12:5-90
22        android:name="android.hardware.touchscreen"
22-->src/main/AndroidManifest.xml:12:19-62
23        android:required="false" />
23-->src/main/AndroidManifest.xml:12:63-87
24    <uses-feature
24-->src/main/AndroidManifest.xml:13:5-85
25        android:name="android.hardware.camera"
25-->src/main/AndroidManifest.xml:13:19-57
26        android:required="false" />
26-->src/main/AndroidManifest.xml:13:58-82
27
28    <permission
28-->[androidx.core:core:1.15.0] AndroidManifest.xml:22:5-24:47
29        android:name="com.aryaroop.omniverse.DYNAMIC_RECEIVER_NOT_EXPORTED_PERMISSION"
29-->[androidx.core:core:1.15.0] AndroidManifest.xml:23:9-81
30        android:protectionLevel="signature" />
30-->[androidx.core:core:1.15.0] AndroidManifest.xml:24:9-44
31
32    <uses-permission android:name="com.aryaroop.omniverse.DYNAMIC_RECEIVER_NOT_EXPORTED_PERMISSION" />
32-->[androidx.core:core:1.15.0] AndroidManifest.xml:26:5-97
32-->[androidx.core:core:1.15.0] AndroidManifest.xml:26:22-94
33
34    <uses-feature
34-->[com.journeyapps:zxing-android-embedded:4.3.0] AndroidManifest.xml:28:5-30:36
35        android:name="android.hardware.camera.front"
35-->[com.journeyapps:zxing-android-embedded:4.3.0] AndroidManifest.xml:29:9-53
36        android:required="false" /> <!-- TODO replace above two with next line after Android 4.2 -->
36-->[com.journeyapps:zxing-android-embedded:4.3.0] AndroidManifest.xml:30:9-33
37    <!-- <uses-feature android:name="android.hardware.camera.any"/> -->
38    <uses-feature
38-->[com.journeyapps:zxing-android-embedded:4.3.0] AndroidManifest.xml:33:5-35:36
39        android:name="android.hardware.camera.autofocus"
39-->[com.journeyapps:zxing-android-embedded:4.3.0] AndroidManifest.xml:34:9-57
40        android:required="false" />
40-->[com.journeyapps:zxing-android-embedded:4.3.0] AndroidManifest.xml:35:9-33
41    <uses-feature
41-->[com.journeyapps:zxing-android-embedded:4.3.0] AndroidManifest.xml:36:5-38:36
42        android:name="android.hardware.camera.flash"
42-->[com.journeyapps:zxing-android-embedded:4.3.0] AndroidManifest.xml:37:9-53
43        android:required="false" />
43-->[com.journeyapps:zxing-android-embedded:4.3.0] AndroidManifest.xml:38:9-33
44    <uses-feature
44-->[com.journeyapps:zxing-android-embedded:4.3.0] AndroidManifest.xml:39:5-41:36
45        android:name="android.hardware.screen.landscape"
45-->[com.journeyapps:zxing-android-embedded:4.3.0] AndroidManifest.xml:40:9-57
46        android:required="false" />
46-->[com.journeyapps:zxing-android-embedded:4.3.0] AndroidManifest.xml:41:9-33
47    <uses-feature
47-->[com.journeyapps:zxing-android-embedded:4.3.0] AndroidManifest.xml:42:5-44:36
48        android:name="android.hardware.wifi"
48-->[com.journeyapps:zxing-android-embedded:4.3.0] AndroidManifest.xml:43:9-45
49        android:required="false" />
49-->[com.journeyapps:zxing-android-embedded:4.3.0] AndroidManifest.xml:44:9-33
50
51    <application
51-->src/main/AndroidManifest.xml:15:5-66:19
52        android:name="com.aryaroop.omniverse.OmniverseApplication"
52-->src/main/AndroidManifest.xml:16:9-45
53        android:allowBackup="true"
53-->src/main/AndroidManifest.xml:17:9-35
54        android:appComponentFactory="androidx.core.app.CoreComponentFactory"
54-->[androidx.core:core:1.15.0] AndroidManifest.xml:28:18-86
55        android:banner="@drawable/tv_banner"
55-->src/main/AndroidManifest.xml:19:9-45
56        android:extractNativeLibs="false"
57        android:icon="@mipmap/ic_launcher"
57-->src/main/AndroidManifest.xml:18:9-43
58        android:label="Omniverse"
58-->src/main/AndroidManifest.xml:20:9-34
59        android:roundIcon="@mipmap/ic_launcher_round"
59-->src/main/AndroidManifest.xml:21:9-54
60        android:supportsRtl="true"
60-->src/main/AndroidManifest.xml:22:9-35
61        android:theme="@style/Theme.Omniverse.Splash"
61-->src/main/AndroidManifest.xml:24:9-54
62        android:usesCleartextTraffic="true" >
62-->src/main/AndroidManifest.xml:23:9-44
63        <activity
63-->src/main/AndroidManifest.xml:26:9-54:20
64            android:name="com.aryaroop.omniverse.MainActivity"
64-->src/main/AndroidManifest.xml:27:13-41
65            android:configChanges="orientation|screenSize|screenLayout|keyboardHidden|uiMode|density|smallestScreenSize"
65-->src/main/AndroidManifest.xml:30:13-121
66            android:exported="true"
66-->src/main/AndroidManifest.xml:28:13-36
67            android:launchMode="singleTask"
67-->src/main/AndroidManifest.xml:29:13-44
68            android:resizeableActivity="true"
68-->src/main/AndroidManifest.xml:32:13-46
69            android:screenOrientation="fullUser"
69-->src/main/AndroidManifest.xml:31:13-49
70            android:theme="@style/Theme.Omniverse.Splash" >
70-->src/main/AndroidManifest.xml:33:13-58
71
72            <!-- Phone/tablet launcher -->
73            <intent-filter>
73-->src/main/AndroidManifest.xml:36:13-39:29
74                <action android:name="android.intent.action.MAIN" />
74-->src/main/AndroidManifest.xml:37:17-69
74-->src/main/AndroidManifest.xml:37:25-66
75
76                <category android:name="android.intent.category.LAUNCHER" />
76-->src/main/AndroidManifest.xml:38:17-77
76-->src/main/AndroidManifest.xml:38:27-74
77            </intent-filter>
78            <!-- Android TV launcher -->
79            <intent-filter>
79-->src/main/AndroidManifest.xml:41:13-44:29
80                <action android:name="android.intent.action.MAIN" />
80-->src/main/AndroidManifest.xml:37:17-69
80-->src/main/AndroidManifest.xml:37:25-66
81
82                <category android:name="android.intent.category.LEANBACK_LAUNCHER" />
82-->src/main/AndroidManifest.xml:43:17-86
82-->src/main/AndroidManifest.xml:43:27-83
83            </intent-filter>
84
85            <!-- Trakt + AniList OAuth deep links -->
86            <intent-filter android:autoVerify="false" >
86-->src/main/AndroidManifest.xml:47:13-53:29
86-->src/main/AndroidManifest.xml:47:28-54
87                <action android:name="android.intent.action.VIEW" />
87-->src/main/AndroidManifest.xml:48:17-69
87-->src/main/AndroidManifest.xml:48:25-66
88
89                <category android:name="android.intent.category.DEFAULT" />
89-->src/main/AndroidManifest.xml:49:17-76
89-->src/main/AndroidManifest.xml:49:27-73
90                <category android:name="android.intent.category.BROWSABLE" />
90-->src/main/AndroidManifest.xml:50:17-78
90-->src/main/AndroidManifest.xml:50:27-75
91
92                <data android:scheme="omniplay" />
92-->src/main/AndroidManifest.xml:51:17-51
92-->src/main/AndroidManifest.xml:51:23-48
93                <data android:scheme="omniverse" />
93-->src/main/AndroidManifest.xml:51:17-51
93-->src/main/AndroidManifest.xml:51:23-48
94            </intent-filter>
95        </activity>
96
97        <!-- Shares the downloaded APK with the package installer for in-app updates. -->
98        <provider
99            android:name="androidx.core.content.FileProvider"
99-->src/main/AndroidManifest.xml:58:13-62
100            android:authorities="com.aryaroop.omniverse.fileprovider"
100-->src/main/AndroidManifest.xml:59:13-64
101            android:exported="false"
101-->src/main/AndroidManifest.xml:60:13-37
102            android:grantUriPermissions="true" >
102-->src/main/AndroidManifest.xml:61:13-47
103            <meta-data
103-->src/main/AndroidManifest.xml:62:13-64:54
104                android:name="android.support.FILE_PROVIDER_PATHS"
104-->src/main/AndroidManifest.xml:63:17-67
105                android:resource="@xml/file_paths" />
105-->src/main/AndroidManifest.xml:64:17-51
106        </provider>
107        <provider
107-->[androidx.emoji2:emoji2:1.3.0] AndroidManifest.xml:24:9-32:20
108            android:name="androidx.startup.InitializationProvider"
108-->[androidx.emoji2:emoji2:1.3.0] AndroidManifest.xml:25:13-67
109            android:authorities="com.aryaroop.omniverse.androidx-startup"
109-->[androidx.emoji2:emoji2:1.3.0] AndroidManifest.xml:26:13-68
110            android:exported="false" >
110-->[androidx.emoji2:emoji2:1.3.0] AndroidManifest.xml:27:13-37
111            <meta-data
111-->[androidx.emoji2:emoji2:1.3.0] AndroidManifest.xml:29:13-31:52
112                android:name="androidx.emoji2.text.EmojiCompatInitializer"
112-->[androidx.emoji2:emoji2:1.3.0] AndroidManifest.xml:30:17-75
113                android:value="androidx.startup" />
113-->[androidx.emoji2:emoji2:1.3.0] AndroidManifest.xml:31:17-49
114            <meta-data
114-->[androidx.lifecycle:lifecycle-process:2.8.7] AndroidManifest.xml:29:13-31:52
115                android:name="androidx.lifecycle.ProcessLifecycleInitializer"
115-->[androidx.lifecycle:lifecycle-process:2.8.7] AndroidManifest.xml:30:17-78
116                android:value="androidx.startup" />
116-->[androidx.lifecycle:lifecycle-process:2.8.7] AndroidManifest.xml:31:17-49
117            <meta-data
117-->[androidx.profileinstaller:profileinstaller:1.3.1] AndroidManifest.xml:29:13-31:52
118                android:name="androidx.profileinstaller.ProfileInstallerInitializer"
118-->[androidx.profileinstaller:profileinstaller:1.3.1] AndroidManifest.xml:30:17-85
119                android:value="androidx.startup" />
119-->[androidx.profileinstaller:profileinstaller:1.3.1] AndroidManifest.xml:31:17-49
120        </provider>
121
122        <receiver
122-->[androidx.profileinstaller:profileinstaller:1.3.1] AndroidManifest.xml:34:9-52:20
123            android:name="androidx.profileinstaller.ProfileInstallReceiver"
123-->[androidx.profileinstaller:profileinstaller:1.3.1] AndroidManifest.xml:35:13-76
124            android:directBootAware="false"
124-->[androidx.profileinstaller:profileinstaller:1.3.1] AndroidManifest.xml:36:13-44
125            android:enabled="true"
125-->[androidx.profileinstaller:profileinstaller:1.3.1] AndroidManifest.xml:37:13-35
126            android:exported="true"
126-->[androidx.profileinstaller:profileinstaller:1.3.1] AndroidManifest.xml:38:13-36
127            android:permission="android.permission.DUMP" >
127-->[androidx.profileinstaller:profileinstaller:1.3.1] AndroidManifest.xml:39:13-57
128            <intent-filter>
128-->[androidx.profileinstaller:profileinstaller:1.3.1] AndroidManifest.xml:40:13-42:29
129                <action android:name="androidx.profileinstaller.action.INSTALL_PROFILE" />
129-->[androidx.profileinstaller:profileinstaller:1.3.1] AndroidManifest.xml:41:17-91
129-->[androidx.profileinstaller:profileinstaller:1.3.1] AndroidManifest.xml:41:25-88
130            </intent-filter>
131            <intent-filter>
131-->[androidx.profileinstaller:profileinstaller:1.3.1] AndroidManifest.xml:43:13-45:29
132                <action android:name="androidx.profileinstaller.action.SKIP_FILE" />
132-->[androidx.profileinstaller:profileinstaller:1.3.1] AndroidManifest.xml:44:17-85
132-->[androidx.profileinstaller:profileinstaller:1.3.1] AndroidManifest.xml:44:25-82
133            </intent-filter>
134            <intent-filter>
134-->[androidx.profileinstaller:profileinstaller:1.3.1] AndroidManifest.xml:46:13-48:29
135                <action android:name="androidx.profileinstaller.action.SAVE_PROFILE" />
135-->[androidx.profileinstaller:profileinstaller:1.3.1] AndroidManifest.xml:47:17-88
135-->[androidx.profileinstaller:profileinstaller:1.3.1] AndroidManifest.xml:47:25-85
136            </intent-filter>
137            <intent-filter>
137-->[androidx.profileinstaller:profileinstaller:1.3.1] AndroidManifest.xml:49:13-51:29
138                <action android:name="androidx.profileinstaller.action.BENCHMARK_OPERATION" />
138-->[androidx.profileinstaller:profileinstaller:1.3.1] AndroidManifest.xml:50:17-95
138-->[androidx.profileinstaller:profileinstaller:1.3.1] AndroidManifest.xml:50:25-92
139            </intent-filter>
140        </receiver>
141
142        <activity
142-->[com.journeyapps:zxing-android-embedded:4.3.0] AndroidManifest.xml:47:9-53:63
143            android:name="com.journeyapps.barcodescanner.CaptureActivity"
143-->[com.journeyapps:zxing-android-embedded:4.3.0] AndroidManifest.xml:48:13-74
144            android:clearTaskOnLaunch="true"
144-->[com.journeyapps:zxing-android-embedded:4.3.0] AndroidManifest.xml:49:13-45
145            android:screenOrientation="sensorLandscape"
145-->[com.journeyapps:zxing-android-embedded:4.3.0] AndroidManifest.xml:50:13-56
146            android:stateNotNeeded="true"
146-->[com.journeyapps:zxing-android-embedded:4.3.0] AndroidManifest.xml:51:13-42
147            android:theme="@style/zxing_CaptureTheme"
147-->[com.journeyapps:zxing-android-embedded:4.3.0] AndroidManifest.xml:52:13-54
148            android:windowSoftInputMode="stateAlwaysHidden" />
148-->[com.journeyapps:zxing-android-embedded:4.3.0] AndroidManifest.xml:53:13-60
149    </application>
150
151</manifest>